Warning: connect.session() MemoryStore is not
designed for a production environment, as it will leak
memory, and will not scale past a single process.
Server is now running...
[0mGET /dosgen [36m302 [0m30.445 ms - 78[0m
[0mGET /auth/login [32m200 [0m8.901 ms - 2676[0m
[0mGET /stylesheets/bootstrap.min.css [32m200 [0m23.706 ms - 117305[0m
[0mGET /stylesheets/login_style.css [32m200 [0m45.127 ms - 555[0m
[0mGET /images/login_logo.png [32m200 [0m24.882 ms - 211011[0m
[0mGET /fonts/glyphicons-halflings-regular.woff2 [32m200 [0m3.600 ms - 18028[0m
Authentication successful for: user
[0mPOST /auth/login/ [36m302 [0m16.145 ms - 70[0m
[0mGET /dosgen [32m200 [0m18.807 ms - 2883[0m
[0mGET /stylesheets/style.css [32m200 [0m76.332 ms - 2866[0m
[0mGET /stylesheets/bootstrap-select.min.css [32m200 [0m54.802 ms - 6065[0m
[0mGET /stylesheets/selectric.css [32m200 [0m54.085 ms - 3339[0m
[0mGET /javascripts/jquery.min.js [32m200 [0m53.809 ms - 92629[0m
[0mGET /stylesheets/bootstrap.min.css [32m200 [0m87.313 ms - 117305[0m
[0mGET /javascripts/bootstrap.min.js [32m200 [0m52.014 ms - 36868[0m
[0mGET /javascripts/client.js [32m200 [0m53.300 ms - 14262[0m
[0mGET /javascripts/masonry.pkgd.js [32m200 [0m62.123 ms - 60556[0m
[0mGET /javascripts/jquery.selectric.min.js [32m200 [0m61.374 ms - 10497[0m
[0mGET /javascripts/bootbox.min.js [32m200 [0m52.652 ms - 9972[0m
[0mGET /javascripts/bootstrap-select.min.js [32m200 [0m61.139 ms - 31697[0m
[0mGET /javascripts/socket.io-1.3.2.js [32m200 [0m61.115 ms - 90645[0m
[0mGET /images/dosgen_logo.png [32m200 [0m23.850 ms - 216492[0m
[0mGET /dosgen [32m200 [0m3.795 ms - 2883[0m
[0mGET /stylesheets/style.css [32m200 [0m10.458 ms - 2866[0m
[0mGET /stylesheets/bootstrap-select.min.css [32m200 [0m18.934 ms - 6065[0m
[0mGET /stylesheets/selectric.css [32m200 [0m23.936 ms - 3339[0m
[0mGET /javascripts/jquery.min.js [32m200 [0m30.015 ms - 92629[0m
[0mGET /stylesheets/bootstrap.min.css [32m200 [0m33.418 ms - 117305[0m
[0mGET /javascripts/bootstrap.min.js [32m200 [0m29.908 ms - 36868[0m
[0mGET /javascripts/client.js [32m200 [0m34.149 ms - 14261[0m
[0mGET /javascripts/masonry.pkgd.js [32m200 [0m35.536 ms - 60556[0m
[0mGET /javascripts/jquery.selectric.min.js [32m200 [0m33.365 ms - 10497[0m
[0mGET /javascripts/bootstrap-select.min.js [32m200 [0m47.918 ms - 31697[0m
[0mGET /javascripts/socket.io-1.3.2.js [32m200 [0m42.555 ms - 90645[0m
[0mGET /javascripts/bootbox.min.js [32m200 [0m43.156 ms - 9972[0m
[0mGET /images/dosgen_logo.png [32m200 [0m31.182 ms - 216492[0m
[0mGET /fonts/glyphicons-halflings-regular.woff2 [32m200 [0m4.736 ms - 18028[0m
[0mPOST /dosgen/fire [32m200 [0m57.059 ms - 13[0m
[0mPOST /dosgen/fire [32m200 [0m5.052 ms - 13[0m
[0mPOST /dosgen/fire [32m200 [0m5.729 ms - 13[0m
[0mPOST /dosgen/fire [32m200 [0m8.077 ms - 13[0m
[0mPOST /dosgen/fire [32m200 [0m8.433 ms - 13[0m
[0mPOST /dosgen/kill [32m- [0m- ms - -[0m
[0mPOST /dosgen/kill [32m- [0m- ms - -[0m
[0mPOST /dosgen/kill [32m- [0m- ms - -[0m
[0mPOST /dosgen/kill [32m- [0m- ms - -[0m
[0mPOST /dosgen/kill [32m- [0m- ms - -[0m
[0mPOST /dosgen/kill [32m- [0m- ms - -[0m
[0mGET /dosgen [32m200 [0m9.377 ms - 2883[0m
[0mGET /stylesheets/style.css [32m200 [0m101.166 ms - 2866[0m
[0mGET /stylesheets/selectric.css [32m200 [0m25.592 ms - 3339[0m
[0mGET /stylesheets/bootstrap.min.css [32m200 [0m139.761 ms - 117305[0m
[0mGET /stylesheets/bootstrap-select.min.css [32m200 [0m39.026 ms - 6065[0m
[0mGET /javascripts/bootstrap.min.js [32m200 [0m43.836 ms - 36868[0m
[0mGET /javascripts/jquery.min.js [32m200 [0m45.299 ms - 92629[0m
[0mGET /javascripts/masonry.pkgd.js [32m200 [0m41.666 ms - 60556[0m
[0mGET /javascripts/client.js [32m200 [0m38.069 ms - 14258[0m
[0mGET /javascripts/jquery.selectric.min.js [32m200 [0m43.996 ms - 10497[0m
[0mGET /javascripts/bootstrap-select.min.js [32m200 [0m39.917 ms - 31697[0m
[0mGET /javascripts/socket.io-1.3.2.js [32m200 [0m38.094 ms - 90645[0m
[0mGET /javascripts/bootbox.min.js [32m200 [0m33.176 ms - 9972[0m
[0mGET /images/dosgen_logo.png [32m200 [0m17.929 ms - 216492[0m
[0mGET /fonts/glyphicons-halflings-regular.woff2 [32m200 [0m3.577 ms - 18028[0m
[0mGET /images/favicon.ico [32m200 [0m6.702 ms - 5430[0m
[0mPOST /dosgen/fire [32m200 [0m5.687 ms - 13[0m
[0mPOST /dosgen/fire [32m200 [0m9.525 ms - 13[0m
[0mPOST /dosgen/fire [32m200 [0m4.626 ms - 13[0m
[0mPOST /dosgen/kill [32m- [0m- ms - -[0m
[0mPOST /dosgen/kill [32m- [0m- ms - -[0m
[0mPOST /dosgen/kill [32m- [0m- ms - -[0m
[0mPOST /dosgen/kill [32m- [0m- ms - -[0m
[0mPOST /dosgen/kill [32m- [0m- ms - -[0m
[0mPOST /dosgen/kill [32m- [0m- ms - -[0m
[0mGET /dosgen [32m200 [0m3.129 ms - 2883[0m
[0mGET /stylesheets/bootstrap-select.min.css [32m200 [0m49.980 ms - 6065[0m
[0mGET /stylesheets/selectric.css [32m200 [0m53.104 ms - 3339[0m
[0mGET /stylesheets/style.css [32m200 [0m66.440 ms - 2866[0m
[0mGET /stylesheets/bootstrap.min.css [32m200 [0m58.134 ms - 117305[0m
[0mGET /javascripts/bootstrap.min.js [32m200 [0m56.604 ms - 36868[0m
[0mGET /javascripts/jquery.min.js [32m200 [0m62.287 ms - 92629[0m
[0mGET /javascripts/masonry.pkgd.js [32m200 [0m51.819 ms - 60556[0m
[0mGET /javascripts/client.js [32m200 [0m52.268 ms - 14258[0m
[0mGET /javascripts/jquery.selectric.min.js [32m200 [0m55.353 ms - 10497[0m
[0mGET /javascripts/bootstrap-select.min.js [32m200 [0m33.266 ms - 31697[0m
[0mGET /javascripts/socket.io-1.3.2.js [32m200 [0m33.188 ms - 90645[0m
[0mGET /javascripts/bootbox.min.js [32m200 [0m32.577 ms - 9972[0m
[0mGET /images/dosgen_logo.png [32m200 [0m19.400 ms - 216492[0m
[0mGET /fonts/glyphicons-halflings-regular.woff2 [32m200 [0m5.239 ms - 18028[0m
[0mGET /dosgen [32m200 [0m4.577 ms - 2883[0m
[0mGET /stylesheets/style.css [32m200 [0m33.530 ms - 2866[0m
[0mGET /stylesheets/bootstrap-select.min.css [32m200 [0m46.885 ms - 6065[0m
[0mGET /stylesheets/selectric.css [32m200 [0m51.311 ms - 3339[0m
[0mGET /javascripts/jquery.min.js [32m200 [0m52.259 ms - 92629[0m
[0mGET /stylesheets/bootstrap.min.css [32m200 [0m71.167 ms - 117305[0m
[0mGET /javascripts/bootstrap.min.js [32m200 [0m89.418 ms - 36868[0m
[0mGET /javascripts/masonry.pkgd.js [32m200 [0m90.519 ms - 60556[0m
[0mGET /javascripts/client.js [32m200 [0m94.156 ms - 14258[0m
[0mGET /javascripts/jquery.selectric.min.js [32m200 [0m94.157 ms - 10497[0m
[0mGET /javascripts/bootstrap-select.min.js [32m200 [0m92.342 ms - 31697[0m
[0mGET /javascripts/socket.io-1.3.2.js [32m200 [0m92.479 ms - 90645[0m
[0mGET /javascripts/bootbox.min.js [32m200 [0m61.811 ms - 9972[0m
[0mGET /images/dosgen_logo.png [32m200 [0m13.948 ms - 216492[0m
[0mGET /fonts/glyphicons-halflings-regular.woff2 [32m200 [0m4.301 ms - 18028[0m
[0mGET /dosgen [32m200 [0m2.588 ms - 2883[0m
[0mGET /stylesheets/style.css [32m200 [0m11.369 ms - 2866[0m
[0mGET /stylesheets/bootstrap-select.min.css [32m200 [0m12.503 ms - 6065[0m
[0mGET /stylesheets/selectric.css [32m200 [0m12.944 ms - 3339[0m
[0mGET /stylesheets/bootstrap.min.css [32m200 [0m19.229 ms - 117305[0m
[0mGET /images/favicon.ico [32m200 [0m9.152 ms - 5430[0m
[0mGET /logout [36m302 [0m3.925 ms - 58[0m
[0mGET / [36m302 [0m7.595 ms - 78[0m
[0mGET /auth/login [32m200 [0m2.402 ms - 2676[0m
[0mGET /stylesheets/login_style.css [32m200 [0m6.540 ms - 555[0m
[0mGET /stylesheets/bootstrap.min.css [32m200 [0m13.125 ms - 117305[0m
[0mGET /images/login_logo.png [32m200 [0m15.629 ms - 211011[0m
[0mGET /dosgen [36m302 [0m1.580 ms - 78[0m
[0mGET /auth/login [32m200 [0m1.749 ms - 2676[0m
[0mGET /stylesheets/login_style.css [32m200 [0m10.386 ms - 555[0m
[0mGET /stylesheets/bootstrap.min.css [32m200 [0m13.063 ms - 117305[0m
[0mGET /dosgen [36m302 [0m2.509 ms - 78[0m
[0mGET /auth/login [32m200 [0m2.172 ms - 2676[0m
[0mGET /stylesheets/login_style.css [32m200 [0m19.181 ms - 555[0m
[0mGET /stylesheets/bootstrap.min.css [32m200 [0m24.491 ms - 117305[0m
[0mGET /images/login_logo.png [32m200 [0m15.572 ms - 211011[0m
[0mGET /fonts/glyphicons-halflings-regular.woff2 [32m200 [0m54.388 ms - 18028[0m
Authentication successful for: user
[0mPOST /auth/login/ [36m302 [0m2.248 ms - 70[0m
[0mGET /dosgen [32m200 [0m3.032 ms - 2883[0m
[0mGET /stylesheets/style.css [32m200 [0m24.986 ms - 2866[0m
[0mGET /stylesheets/bootstrap-select.min.css [32m200 [0m43.349 ms - 6065[0m
[0mGET /stylesheets/bootstrap.min.css [32m200 [0m65.433 ms - 117305[0m
[0mGET /stylesheets/selectric.css [32m200 [0m70.594 ms - 3339[0m
[0mGET /javascripts/jquery.min.js [32m200 [0m71.725 ms - 92629[0m
[0mGET /javascripts/masonry.pkgd.js [32m200 [0m55.948 ms - 60556[0m
[0mGET /javascripts/client.js [32m200 [0m58.032 ms - 14258[0m
[0mGET /javascripts/jquery.selectric.min.js [32m200 [0m43.636 ms - 10497[0m
[0mGET /javascripts/bootstrap.min.js [32m200 [0m74.176 ms - 36868[0m
[0mGET /javascripts/bootstrap-select.min.js [32m200 [0m51.611 ms - 31697[0m
[0mGET /javascripts/socket.io-1.3.2.js [32m200 [0m42.590 ms - 90645[0m
[0mGET /javascripts/bootbox.min.js [32m200 [0m20.620 ms - 9972[0m
[0mGET /images/dosgen_logo.png [32m200 [0m12.710 ms - 216492[0m
[0mPOST /dosgen/fire [32m200 [0m16.213 ms - 13[0m
[0mPOST /dosgen/fire [32m200 [0m10.186 ms - 13[0m
[0mPOST /dosgen/fire [32m200 [0m9.026 ms - 13[0m
[0mPOST /dosgen/fire [32m200 [0m5.132 ms - 13[0m
[0mPOST /dosgen/fire [32m200 [0m6.027 ms - 13[0m
[0mPOST /dosgen/kill [32m- [0m- ms - -[0m
[0mPOST /dosgen/kill [32m- [0m- ms - -[0m
[0mPOST /dosgen/kill [32m- [0m- ms - -[0m
[0mPOST /dosgen/kill [32m- [0m- ms - -[0m
[0mPOST /dosgen/kill [32m- [0m- ms - -[0m
[0mPOST /dosgen/kill [32m- [0m- ms - -[0m
[0mGET /dosgen [32m200 [0m3.948 ms - 2883[0m
[0mGET /stylesheets/bootstrap-select.min.css [32m200 [0m36.854 ms - 6065[0m
[0mGET /stylesheets/selectric.css [32m200 [0m55.880 ms - 3339[0m
[0mGET /stylesheets/style.css [32m200 [0m65.728 ms - 2866[0m
[0mGET /javascripts/jquery.min.js [32m200 [0m60.735 ms - 92629[0m
[0mGET /javascripts/bootstrap.min.js [32m200 [0m60.063 ms - 36868[0m
[0mGET /stylesheets/bootstrap.min.css [32m200 [0m64.559 ms - 117305[0m
[0mGET /javascripts/masonry.pkgd.js [32m200 [0m58.919 ms - 60556[0m
[0mGET /javascripts/jquery.selectric.min.js [32m200 [0m32.039 ms - 10497[0m
[0mGET /javascripts/client.js [32m200 [0m58.918 ms - 14254[0m
[0mGET /javascripts/bootstrap-select.min.js [32m200 [0m22.510 ms - 31697[0m
[0mGET /javascripts/bootbox.min.js [32m200 [0m30.914 ms - 9972[0m
[0mGET /javascripts/socket.io-1.3.2.js [32m200 [0m37.935 ms - 90645[0m
[0mGET /images/dosgen_logo.png [32m200 [0m31.226 ms - 216492[0m
[0mGET /fonts/glyphicons-halflings-regular.woff2 [32m200 [0m12.546 ms - 18028[0m
[0mPOST /dosgen/fire [32m200 [0m28.873 ms - 13[0m
[0mPOST /dosgen/fire [32m200 [0m9.215 ms - 13[0m
[0mPOST /dosgen/fire [32m200 [0m6.083 ms - 13[0m
[0mPOST /dosgen/fire [32m200 [0m5.888 ms - 13[0m
[0mPOST /dosgen/fire [32m200 [0m10.374 ms - 13[0m
[0mPOST /dosgen/fire [32m200 [0m4.990 ms - 13[0m
[0mPOST /dosgen/fire [32m200 [0m8.299 ms - 13[0m
[0mPOST /dosgen/fire [32m200 [0m25.139 ms - 13[0m
[0mPOST /dosgen/kill [32m- [0m- ms - -[0m
[0mPOST /dosgen/kill [32m- [0m- ms - -[0m
[0mPOST /dosgen/kill [32m- [0m- ms - -[0m
[0mPOST /dosgen/kill [32m- [0m- ms - -[0m
[0mPOST /dosgen/kill [32m- [0m- ms - -[0m
[0mPOST /dosgen/kill [32m- [0m- ms - -[0m
